app/build/intermediates/manifest_merge_blame_file/release/manifest-merger-blame-release-report.txt
1<?xml version="1.0" encoding="utf-8"?>
2<manifest xmlns:android="http://schemas.android.com/apk/res/android"
3    package="com.tv9nusantara.ninestore"
4    android:versionCode="1"
5    android:versionName="1.0" >
6
7    <uses-sdk
8        android:minSdkVersion="15"
8-->src\main\AndroidManifest.xml
9        android:targetSdkVersion="29" />
9-->src\main\AndroidManifest.xml
10
11    <uses-permission android:name="android.permission.INTERNET" />
11-->src\main\AndroidManifest.xml:4:5-67
11-->src\main\AndroidManifest.xml:4:22-64
12
13    <application
13-->src\main\AndroidManifest.xml:5:5-25:19
14        android:allowBackup="true"
14-->src\main\AndroidManifest.xml:6:9-35
15        android:appComponentFactory="android.support.v4.app.CoreComponentFactory"
15-->[com.android.support:support-compat:28.0.0] AndroidManifest.xml:22:18-91
16        android:icon="@mipmap/ic_launcher"
16-->src\main\AndroidManifest.xml:7:9-43
17        android:label="@string/app_name"
17-->src\main\AndroidManifest.xml:9:9-41
18        android:roundIcon="@mipmap/ic_launcher_round"
18-->src\main\AndroidManifest.xml:8:9-54
19        android:supportsRtl="true"
19-->src\main\AndroidManifest.xml:10:9-35
20        android:theme="@style/AppTheme" >
20-->src\main\AndroidManifest.xml:11:9-40
21        <activity android:name="com.didinstudio.blog.MainActivity" >
21-->src\main\AndroidManifest.xml:12:9-13:20
21-->src\main\AndroidManifest.xml:12:19-67
22        </activity>
23
24        <!-- membuat SPLASH SCREEN -->
25        <activity
25-->src\main\AndroidManifest.xml:16:9-24:20
26            android:name="com.didinstudio.blog.splashscreen"
26-->src\main\AndroidManifest.xml:17:13-61
27            android:noHistory="true"
27-->src\main\AndroidManifest.xml:18:13-37
28            android:screenOrientation="portrait" >
28-->src\main\AndroidManifest.xml:19:13-49
29            <intent-filter>
29-->src\main\AndroidManifest.xml:20:13-23:29
30                <action android:name="android.intent.action.MAIN" />
30-->src\main\AndroidManifest.xml:21:17-69
30-->src\main\AndroidManifest.xml:21:25-66
31
32                <category android:name="android.intent.category.LAUNCHER" />
32-->src\main\AndroidManifest.xml:22:17-77
32-->src\main\AndroidManifest.xml:22:27-74
33            </intent-filter>
34        </activity>
35    </application>
36
37</manifest>